d:\tap\lab3\problema1\debug\vc142.pdb
d:\tap\lab3\problema1\debug\vc142.idb
d:\tap\lab3\problema1\debug\source.obj
d:\tap\lab3\problema1\debug\dreapta.obj
d:\tap\lab3\problema1\debug\punct.obj
d:\tap\lab3\problema1\debug\problema1.pdb
d:\tap\lab3\problema1\debug\problema1.tlog\cl.command.1.tlog
d:\tap\lab3\problema1\debug\problema1.tlog\cl.read.1.tlog
d:\tap\lab3\problema1\debug\problema1.tlog\cl.write.1.tlog
d:\tap\lab3\problema1\debug\problema1.tlog\link-cvtres.read.1.tlog
d:\tap\lab3\problema1\debug\problema1.tlog\link-cvtres.write.1.tlog
d:\tap\lab3\problema1\debug\problema1.tlog\link-rc.read.1.tlog
d:\tap\lab3\problema1\debug\problema1.tlog\link-rc.write.1.tlog
d:\tap\lab3\problema1\debug\problema1.tlog\link.3988-cvtres.read.1.tlog
d:\tap\lab3\problema1\debug\problema1.tlog\link.3988-cvtres.write.1.tlog
d:\tap\lab3\problema1\debug\problema1.tlog\link.3988-rc.read.1.tlog
d:\tap\lab3\problema1\debug\problema1.tlog\link.3988-rc.write.1.tlog
d:\tap\lab3\problema1\debug\problema1.tlog\link.3988.read.1.tlog
d:\tap\lab3\problema1\debug\problema1.tlog\link.3988.write.1.tlog
d:\tap\lab3\problema1\debug\problema1.tlog\link.command.1.tlog
d:\tap\lab3\problema1\debug\problema1.tlog\link.read.1.tlog
d:\tap\lab3\problema1\debug\problema1.tlog\link.write.1.tlog
